0
0
0
0
0
0
0
0
0
0
0
0
0
0
0
0
0
0
0
0
0
0
0
0
0
0
0
0
0
0
0
0
0
0
0
0
0
0
0
0
0
0
0
0
0
0
0
0
0
0
0
0
0
0
0
0
0
0
0
0
0
0
0
0
0
0
0
0
0
0
0
0
0
0
0
0
0
0
0
0
0
0
0
0
0
0
0
0
0
0
0
0
0
0
0
0
0
0
0
0
2
1.93333
1.86889
1.80659
1.74637
1.68816
1.63189
1.57749
1.52491
1.47408
1.42494
1.37744
1.33153
1.28715
1.24424
1.20277
1.16267
1.12392
1.08645
1.05024
1.01523
0.98139
0.948677
0.917054
0.886486
0.856936
0.828372
0.800759
0.774067
0.748265
0.723323
0.699212
0.675905
0.653375
0.631596
0.610543
0.590191
0.570518
0.551501
0.533117
0.515347
0.498169
0.481563
0.465511
0.449994
0.434994
0.420494
0.406478
0.392929
0.379831
0.36717
0.354931
2.3431
2.265
2.1895
2.11651
2.04596
1.97776
1.91184
1.84811
1.78651
1.72696
1.66939
1.61375
1.55995
1.50796
1.45769
1.4091
1.36213
1.31673
1.27284
1.23041
1.18939
3.14975
0
0
0
0
0
0
0
0
0
0
0
0
0
0
0
0
0
0
0
0
0
0
0
0
0
0
0
0
0
0
0
0
0
0
0
0
0
0
0
0
0
0
0
0
0
0
0
0
0
0
0
0
0
0
0
0
0
0
0
0
0
0
0
0
0
0
0
0
0
0
0
0
2
1.93333
1.86889
1.80659
1.74637
1.68816
1.63189
1.57749
1.52491
1.47408
1.42494
1.37744
1.33153
1.28715
1.24424
1.20277
1.16267
1.12392
1.08645
1.05024
1.01523
0.98139
0.948677
0.917054
0.886486
0.856936
0.828372
0.800759
0.774067
0.748265
0.723323
0.699212
0.675905
2.65337
2.56493
2.47943
2.39678
2.31689
2.23966
2.16501
2.09284
2.02308
1.95564
1.89045
1.82744
1.76652
1.70764
1.65072
1.59569
1.5425
1.49109
1.44138
1.39334
1.34689
1.302
1.2586
1.21664
1.17609
1.13689
1.09899
1.06236
1.02695
0.992714
0.959623
0.927636
0.896715
0.866824
0.83793
0.809999
0.782999
0.756899
0.731669
0.70728
2.6837
2.59425
2.50777
2.42418
2.34337
2.26526
2.18975
2.11676
2.0462
1.978
1.91206
1.84833
1.78672
1.72716
1.66959
1.61393
1.56014
1.50813
1.45786
1.40927
1.36229
1.31688
1.27298
1.23055
1.18953
1.14988
1.11155
1.0745
1.03868
1.00406
0.970592
0.938239
0.906965
0.876733
0.847508
0.819258
0.791949
0.765551
0.740033
0.715365
0.691519
0.668469
0.646186
0.624647
0.603825
0.583698
0.564241
0.545433
0.527252
0.509677
0.492688
0.476265
0.460389
0.445043
0.430208
0.415868
0.402006
0.388605
0.375652
0.36313
0.351026
0.339325
0.328014
0.31708
0.306511
0.296294
0.286418
0.27687
0.267641
0.25872
0.250096
0.241759
0.233701
2.22591
2.15171
2.07999
2.01066
1.94363
1.87885
1.81622
1.75568
1.69716
1.64058
1.5859
1.53303
1.48193
1.43254
3.38478
0
0
0
0
0
0
0
0
0
0
0
0
0
0
0
0
0
0
0
0
0
0
0
0
0
0
0
0
0
0
0
0
0
0
0
0
0
0
0
0
0
0
0
0
0
0
0
0
0
0
0
0
0
0
0
0
0
0
2
1.93333
1.86889
1.80659
1.74637
1.68816
1.63189
1.57749
1.52491
1.47408
1.42494
1.37744
1.33153
1.28715
1.24424
1.20277
1.16267
1.12392
1.08645
1.05024
1.01523
0.98139
0.948677
0.917054
0.886486
0.856936
0.828372
0.800759
0.774067
0.748265
0.723323
0.699212
0.675905
0.653375
0.631596
0.610543
0.590191
0.570518
0.551501
0.533117
0.515347
0.498169
0.481563
0.465511
0.449994
0.434994
0.420494
0.406478
0.392929
0.379831
0.36717
0.354931
0.3431
0.331663
0.320608
0.309921
0.29959
0.289604
0.27995
0.270619
0.261598
0.252878
0.244449
0.236301
0.228424
0.22081
0.213449
0.206334
2.19946
2.12614
2.05527
1.98676
1.92054
3.85652
0
0
0
0
0
0
0
0
0
0
0
0
0
0
0
0
0
0
0
0
0
0
0
0
0
0
0
0
0
0
0
0
0
0
0
0
0
0
0
0
0
0
0
0
0
0
0
0
0
0
0
0
0
0
0
0
0
0
0
0
0
0
0
0
0
0
0
0
0
0
0
0
2
1.93333
1.86889
1.80659
1.74637
1.68816
1.63189
1.57749
1.52491
1.47408
1.42494
1.37744
1.33153
1.28715
1.24424
1.20277
1.16267
1.12392
1.08645
1.05024
1.01523
0.98139
0.948677
0.917054
0.886486
0.856936
0.828372
0.800759
0.774067
0.748265
0.723323
0.699212
0.675905
0.653375
0.631596
0.610543
0.590191
0.570518
0.551501
0.533117
0.515347
0.498169
0.481563
0.465511
0.449994
0.434994
0.420494
0.406478
0.392929
2.37983
2.3005
2.22382
2.14969
2.07804
2.00877
1.94181
1.87708
1.81451
1.75403
1.69556
1.63904
1.58441
1.53159
1.48054
1.43119
1.38348
1.33737
1.29279
1.2497
1.20804
1.16777
1.12885
1.09122
3.05484
0
0
0
0
0
0
0
0
0
0
0
0
0
0
0
0
0
0
0
0
0
0
0
0
0
0
0
0
0
0
0
0
0
0
0
0
0
0
0
0
0
0
0
0
0
0
0
0
0
0
0
0
0
0
0
0
0
0
0
0
0
0
0
0
0
0
0
0
0
0
0
0
2
1.93333
1.86889
1.80659
1.74637
1.68816
1.63189
1.57749
1.52491
1.47408
1.42494
1.37744
1.33153
1.28715
1.24424
1.20277
1.16267
1.12392
1.08645
1.05024
1.01523
0.98139
0.948677
0.917054
0.886486
0.856936
0.828372
0.800759
0.774067
0.748265
2.72332
2.63255
2.54479
2.45997
2.37797
2.2987
2.22208
2.14801
2.07641
2.0072
1.94029
1.87561
1.81309
1.75266
1.69423
1.63776
1.58317
1.5304
1.47938
1.43007
1.3824
1.33632
1.29178
1.24872
1.20709
1.16686
1.12796
1.09036
1.05402
1.01888
0.984921
0.95209
0.920354
0.889676
0.86002
0.831352
0.803641
0.776853
0.750958
0.725926
0.701728
0.678337
0.655726
2.63387
2.54607
2.4612
2.37916
2.29986
2.2232
2.14909
2.07745
2.00821
1.94126
1.87656
1.814
1.75354
1.69509
1.63858
1.58396
1.53117
1.48013
1.43079
1.3831
1.33699
1.29243
1.24935
1.2077
1.16744
1.12853
1.09091
1.05455
1.0194
0.985416
0.952569
0.920817
0.890123
0.860452
0.83177
0.804044
0.777243
0.751335
0.72629
0.702081
0.678678
0.656055
0.634187
0.613047
0.592612
0.572859
0.553763
0.535305
0.517461
0.500212
0.483539
0.467421
0.45184
0.436779
0.422219
0.408145
0.394541
0.381389
0.368676
0.356387
0.344507
0.333024
0.321923
0.311192
0.300819
0.290792
0.281099
0.271729
0.262671
0.253916
0.245452
0.23727
0.229361
2.22172
2.14766
2.07607
2.00687
1.93997
1.87531
1.8128
1.75237
1.69396
1.63749
1.58291
3.53015
0
0
0
0
0
0
0
0
0
0
0
0
0
0
0
0
0
0
0
0
0
0
0
0
0
0
0
0
0
0
0
0
0
0
0
0
0
0
0
0
0
0
0
0
0
0
0
0
0
0
0
0
0
0
0
0
0
0
0
0
0
2
1.93333
1.86889
1.80659
1.74637
1.68816
1.63189
1.57749
1.52491
1.47408
1.42494
1.37744
1.33153
1.28715
1.24424
1.20277
1.16267
1.12392
1.08645
1.05024
1.01523
0.98139
0.948677
0.917054
0.886486
0.856936
0.828372
0.800759
0.774067
0.748265
0.723323
0.699212
0.675905
0.653375
