0
0
0
0
0
0
0
0
0
0
0.04
0.08
0.12
0.16
0.2
0.239999
0.279999
0.319999
0.359999
0.399998
0.439998
0.479997
0.519997
0.559996
0.599996
0.639995
0.679995
0.719994
0.759993
0.799993
0.839992
0.879991
0.91999
0.959989
0.999988
1.03999
1.07999
1.11998
1.15998
1.19998
1.23998
1.27998
1.31998
1.35998
1.39998
1.43998
1.47997
1.51997
1.55997
1.59997
1.63997
1.67997
1.71996
1.75996
1.79996
1.83996
1.87996
1.91996
1.95995
1.99995
2.03995
2.07995
2.11995
2.15994
2.19994
2.23994
2.27994
2.31993
2.35993
2.39993
2.43993
2.47992
2.51992
2.55992
2.59992
2.63991
2.67991
2.71991
2.75991
2.7999
2.8399
2.8799
2.9199
2.95989
2.99989
3.03989
3.07988
3.11988
3.15988
3.19987
3.23987
3.27987
3.31986
3.35986
3.39986
3.43985
3.47985
3.51985
3.55984
3.59984
3.63984
3.67983
3.71983
3.75983
3.79982
3.83982
3.87981
3.91981
3.95981
3.9998
4.0398
4.07979
4.11979
4.15979
4.19978
4.23978
4.27977
4.31977
4.35977
4.39976
4.43976
4.47975
4.51975
4.55974
4.59974
4.63973
4.67973
4.71972
4.75972
4.79972
4.83971
4.87971
4.9197
4.9597
4.99969
5.03969
0
0.04
0.08
0.12
0.16
0.2
0.239999
0.279999
0.319999
0.359999
0.399998
0.439998
0.479997
0.519997
0.559996
0.599996
0.639995
0.679995
0.719994
0.759993
0.799993
0.839992
0.879991
0.91999
0.959989
0.999988
1.03999
1.07999
1.11998
1.15998
1.19998
1.23998
1.27998
1.31998
1.35998
1.39998
1.43998
1.47997
1.51997
1.55997
1.59997
1.63997
1.67997
1.71996
1.75996
1.79996
1.83996
1.87996
1.91996
1.95995
1.99995
2.03995
2.07995
2.11995
2.15994
2.19994
2.23994
2.27994
2.31993
2.35993
2.39993
2.43993
2.47992
2.51992
2.55992
2.59992
2.63991
2.67991
2.71991
2.75991
2.7999
2.8399
2.8799
2.9199
2.95989
2.99989
3.03989
3.07988
3.11988
3.15988
3.19987
3.23987
3.27987
3.31986
3.35986
3.39986
3.43985
3.47985
3.51985
3.55984
3.59984
3.63984
3.67983
3.71983
3.75983
3.79982
3.83982
3.87981
3.91981
3.95981
3.9998
4.0398
4.07979
4.11979
4.15979
4.19978
4.23978
4.27977
4.31977
4.35977
4.39976
4.43976
4.47975
4.51975
4.55974
4.59974
4.63973
4.67973
4.71972
4.75972
4.79972
4.83971
4.87971
4.9197
4.9597
4.99969
5.03969
0
0.04
0.08
0.12
0.16
0.2
0.239999
0.279999
0.319999
0.359999
0.399998
0.439998
0.479997
0.519997
0.559996
0.599996
0.639995
0.679995
0.719994
0.759993
0.799993
0.839992
0.879991
0.91999
0.959989
0.999988
1.03999
1.07999
1.11998
1.15998
1.19998
1.23998
1.27998
1.31998
1.35998
1.39998
1.43998
1.47997
1.51997
1.55997
1.59997
1.63997
1.67997
1.71996
1.75996
1.79996
1.83996
1.87996
1.91996
1.95995
1.99995
2.03995
2.07995
2.11995
2.15994
2.19994
2.23994
2.27994
2.31993
2.35993
2.39993
2.43993
2.47992
2.51992
2.55992
2.59992
2.63991
2.67991
2.71991
2.75991
2.7999
2.8399
2.8799
2.9199
2.95989
2.99989
3.03989
3.07988
3.11988
3.15988
3.19987
3.23987
3.27987
3.31986
3.35986
3.39986
3.43985
3.47985
3.51985
3.55984
3.59984
3.63984
3.67983
3.71983
3.75983
3.79982
3.83982
3.87981
3.91981
3.95981
3.9998
4.0398
4.07979
4.11979
4.15979
4.19978
4.23978
4.27977
4.31977
4.35977
4.39976
4.43976
4.47975
4.51975
4.55974
4.59974
4.63973
4.67973
4.71972
4.75972
4.79972
4.83971
4.87971
4.9197
4.9597
4.99969
5.03969
0
0.04
0.08
0.12
0.16
0.2
0.239999
0.279999
0.319999
0.359999
0.399998
0.439998
0.479997
0.519997
0.559996
0.599996
0.639995
0.679995
0.719994
0.759993
0.799993
0.839992
0.879991
0.91999
0.959989
0.999988
1.03999
1.07999
1.11998
1.15998
1.19998
1.23998
1.27998
1.31998
1.35998
1.39998
1.43998
1.47997
1.51997
1.55997
1.59997
1.63997
1.67997
1.71996
1.75996
1.79996
1.83996
1.87996
1.91996
1.95995
1.99995
2.03995
2.07995
2.11995
2.15994
2.19994
2.23994
2.27994
2.31993
2.35993
2.39993
2.43993
2.47992
2.51992
2.55992
2.59992
2.63991
2.67991
2.71991
2.75991
2.7999
2.8399
2.8799
2.9199
2.95989
2.99989
3.03989
3.07988
3.11988
3.15988
3.19987
3.23987
3.27987
3.31986
3.35986
3.39986
3.43985
3.47985
3.51985
3.55984
3.59984
3.63984
3.67983
3.71983
3.75983
3.79982
3.83982
3.87981
3.91981
3.95981
3.9998
4.0398
4.07979
4.11979
4.15979
4.19978
4.23978
4.27977
4.31977
4.35977
4.39976
4.43976
4.47975
4.51975
4.55974
4.59974
4.63973
4.67973
4.71972
4.75972
4.79972
4.83971
4.87971
4.9197
4.9597
4.99969
5.03969
0
0.04
0.08
0.12
0.16
0.2
0.239999
0.279999
0.319999
0.359999
0.399998
0.439998
0.479997
0.519997
0.559996
0.599996
0.639995
0.679995
0.719994
0.759993
0.799993
0.839992
0.879991
0.91999
0.959989
0.999988
1.03999
1.07999
1.11998
1.15998
1.19998
1.23998
1.27998
1.31998
1.35998
1.39998
1.43998
1.47997
1.51997
1.55997
1.59997
1.63997
1.67997
1.71996
1.75996
1.79996
1.83996
1.87996
1.91996
1.95995
1.99995
2.03995
2.07995
2.11995
2.15994
2.19994
2.23994
2.27994
2.31993
2.35993
2.39993
2.43993
2.47992
2.51992
2.55992
2.59992
2.63991
2.67991
2.71991
2.75991
2.7999
2.8399
2.8799
2.9199
2.95989
2.99989
3.03989
3.07988
3.11988
3.15988
3.19987
3.23987
3.27987
3.31986
3.35986
3.39986
3.43985
3.47985
3.51985
3.55984
3.59984
3.63984
3.67983
3.71983
3.75983
3.79982
3.83982
3.87981
3.91981
3.95981
3.9998
4.0398
4.07979
4.11979
4.15979
4.19978
4.23978
4.27977
4.31977
4.35977
4.39976
4.43976
4.47975
4.51975
4.55974
4.59974
4.63973
4.67973
4.71972
4.75972
4.79972
4.83971
4.87971
4.9197
4.9597
4.99969
5.03969
0
0.04
0.08
0.12
0.16
0.2
0.239999
0.279999
0.319999
0.359999
0.399998
0.439998
0.479997
0.519997
0.559996
0.599996
0.639995
0.679995
0.719994
0.759993
0.799993
0.839992
0.879991
0.91999
0.959989
0.999988
1.03999
1.07999
1.11998
1.15998
1.19998
1.23998
1.27998
1.31998
1.35998
1.39998
1.43998
1.47997
1.51997
1.55997
1.59997
1.63997
1.67997
1.71996
1.75996
1.79996
1.83996
1.87996
1.91996
1.95995
1.99995
2.03995
2.07995
2.11995
2.15994
2.19994
2.23994
2.27994
2.31993
2.35993
2.39993
2.43993
2.47992
2.51992
2.55992
2.59992
2.63991
2.67991
2.71991
2.75991
2.7999
2.8399
2.8799
2.9199
2.95989
2.99989
3.03989
3.07988
3.11988
3.15988
3.19987
3.23987
3.27987
3.31986
3.35986
3.39986
3.43985
3.47985
3.51985
3.55984
3.59984
3.63984
3.67983
3.71983
3.75983
3.79982
3.83982
3.87981
3.91981
3.95981
3.9998
4.0398
4.07979
4.11979
4.15979
4.19978
4.23978
4.27977
4.31977
4.35977
4.39976
4.43976
4.47975
4.51975
4.55974
4.59974
4.63973
4.67973
4.71972
4.75972
4.79972
4.83971
4.87971
4.9197
4.9597
4.99969
5.03969
0
0.04
0.08
0.12
0.16
0.2
0.239999
0.279999
0.319999
0.359999
0.399998
0.439998
0.479997
0.519997
0.559996
0.599996
0.639995
0.679995
0.719994
0.759993
0.799993
0.839992
0.879991
0.91999
0.959989
0.999988
1.03999
1.07999
1.11998
1.15998
1.19998
1.23998
1.27998
1.31998
1.35998
1.39998
1.43998
1.47997
1.51997
1.55997
1.59997
1.63997
1.67997
1.71996
1.75996
1.79996
1.83996
1.87996
1.91996
1.95995
1.99995
2.03995
2.07995
2.11995
2.15994
2.19994
2.23994
2.27994
2.31993
2.35993
2.39993
2.43993
2.47992
2.51992
2.55992
2.59992
2.63991
2.67991
2.71991
2.75991
2.7999
2.8399
2.8799
2.9199
2.95989
2.99989
3.03989
3.07988
3.11988
3.15988
3.19987
3.23987
3.27987
3.31986
3.35986
3.39986
3.43985
3.47985
3.51985
3.55984
3.59984
3.63984
3.67983
3.71983
3.75983
3.79982
3.83982
3.87981
3.91981
3.95981
3.9998
4.0398
4.07979
4.11979
4.15979
4.19978
4.23978
4.27977
4.31977
4.35977
4.39976
4.43976
4.47975
4.51975
4.55974
4.59974
4.63973
4.67973
4.71972
4.75972
4.79972
4.83971
4.87971
4.9197
4.9597
4.99969
5.03969
0
0.04
0.08
0.12
0.16
0.2
0.239999
0.279999
0.319999
0.359999
0.399998
0.439998
0.479997
0.519997
0.559996
0.599996
0.639995
0.679995
0.719994
0.759993
0.799993
0.839992
0.879991
0.91999
0.959989
0.999988
1.03999
1.07999
1.11998
1.15998
1.19998
1.23998
1.27998
1.31998
1.35998
1.39998
1.43998
1.47997
1.51997
1.55997
1.59997
1.63997
1.67997
1.71996
1.75996
1.79996
1.83996
1.87996
1.91996
1.95995
1.99995
2.03995
2.07995
2.11995
2.15994
2.19994
2.23994
2.27994
2.31993
2.35993
2.39993
2.43993
2.47992
2.51992
2.55992
2.59992
2.63991
2.67991
2.71991
2.75991
2.7999
2.8399
2.8799
2.9199
2.95989
2.99989
3.03989
3.07988
3.11988
3.15988
3.19987
3.23987
3.27987
3.31986
3.35986
3.39986
3.43985
3.47985
3.51985
3.55984
3.59984
3.63984
3.67983
3.71983
3.75983
3.79982
3.83982
3.87981
3.91981
3.95981
3.9998
4.0398
4.07979
4.11979
4.15979
4.19978
4.23978
4.27977
4.31977
4.35977
4.39976
4.43976
