0
0
0
0
0
0
0
0
0
0
0.07
0.14
0.21
0.28
0.349999
0.419999
0.489999
0.559998
0.629997
0.699997
0.769996
0.839995
0.909994
0.979994
1.04999
1.11999
1.18999
1.25999
1.32999
1.39999
1.46999
1.53998
1.60998
1.67998
1.74998
1.81998
1.88998
1.95997
2.02997
2.09997
2.16997
2.23997
2.30996
2.37996
2.44996
2.51996
2.58995
2.65995
2.72995
2.79995
2.86994
2.93994
3.00994
3.07993
3.14993
3.21993
3.28992
3.35992
3.42992
3.49991
3.56991
3.63991
3.7099
3.7799
3.8499
3.91989
3.98989
4.05988
4.12988
4.19988
4.26987
4.33987
4.40986
4.47986
4.54985
4.61985
4.68985
4.75984
4.82984
4.89983
4.96983
5.03982
0
0.07
0.14
0.21
0.28
0.349999
0.419999
0.489999
0.559998
0.629997
0.699997
0.769996
0.839995
0.909994
0.979994
1.04999
1.11999
1.18999
1.25999
1.32999
1.39999
1.46999
1.53998
1.60998
1.67998
1.74998
1.81998
1.88998
1.95997
2.02997
2.09997
2.16997
2.23997
2.30996
2.37996
2.44996
2.51996
2.58995
2.65995
2.72995
2.79995
2.86994
2.93994
3.00994
3.07993
3.14993
3.21993
3.28992
3.35992
3.42992
3.49991
3.56991
3.63991
3.7099
3.7799
3.8499
3.91989
3.98989
4.05988
4.12988
4.19988
4.26987
4.33987
4.40986
4.47986
4.54985
4.61985
4.68985
4.75984
4.82984
4.89983
4.96983
5.03982
0
0.07
0.14
0.21
0.28
0.349999
0.419999
0.489999
0.559998
0.629997
0.699997
0.769996
0.839995
0.909994
0.979994
1.04999
1.11999
1.18999
1.25999
1.32999
1.39999
1.46999
1.53998
1.60998
1.67998
1.74998
1.81998
1.88998
1.95997
2.02997
2.09997
2.16997
2.23997
2.30996
2.37996
2.44996
2.51996
2.58995
2.65995
2.72995
2.79995
2.86994
2.93994
3.00994
3.07993
3.14993
3.21993
3.28992
3.35992
3.42992
3.49991
3.56991
3.63991
3.7099
3.7799
3.8499
3.91989
3.98989
4.05988
4.12988
4.19988
4.26987
4.33987
4.40986
4.47986
4.54985
4.61985
4.68985
4.75984
4.82984
4.89983
4.96983
5.03982
0
0.07
0.14
0.21
0.28
0.349999
0.419999
0.489999
0.559998
0.629997
0.699997
0.769996
0.839995
0.909994
0.979994
1.04999
1.11999
1.18999
1.25999
1.32999
1.39999
1.46999
1.53998
1.60998
1.67998
1.74998
1.81998
1.88998
1.95997
2.02997
2.09997
2.16997
2.23997
2.30996
2.37996
2.44996
2.51996
2.58995
2.65995
2.72995
2.79995
2.86994
2.93994
3.00994
3.07993
3.14993
3.21993
3.28992
3.35992
3.42992
3.49991
3.56991
3.63991
3.7099
3.7799
3.8499
3.91989
3.98989
4.05988
4.12988
4.19988
4.26987
4.33987
4.40986
4.47986
4.54985
4.61985
4.68985
4.75984
4.82984
4.89983
4.96983
5.03982
0
0.07
0.14
0.21
0.28
0.349999
0.419999
0.489999
0.559998
0.629997
0.699997
0.769996
0.839995
0.909994
0.979994
1.04999
1.11999
1.18999
1.25999
1.32999
1.39999
1.46999
1.53998
1.60998
1.67998
1.74998
1.81998
1.88998
1.95997
2.02997
2.09997
2.16997
2.23997
2.30996
2.37996
2.44996
2.51996
2.58995
2.65995
2.72995
2.79995
2.86994
2.93994
3.00994
3.07993
3.14993
3.21993
3.28992
3.35992
3.42992
3.49991
3.56991
3.63991
3.7099
3.7799
3.8499
3.91989
3.98989
4.05988
4.12988
4.19988
4.26987
4.33987
4.40986
4.47986
4.54985
4.61985
4.68985
4.75984
4.82984
4.89983
4.96983
5.03982
0
0.07
0.14
0.21
0.28
0.349999
0.419999
0.489999
0.559998
0.629997
0.699997
0.769996
0.839995
0.909994
0.979994
1.04999
1.11999
1.18999
1.25999
1.32999
1.39999
1.46999
1.53998
1.60998
1.67998
1.74998
1.81998
1.88998
1.95997
2.02997
2.09997
2.16997
2.23997
2.30996
2.37996
2.44996
2.51996
2.58995
2.65995
2.72995
2.79995
2.86994
2.93994
3.00994
3.07993
3.14993
3.21993
3.28992
3.35992
3.42992
3.49991
3.56991
3.63991
3.7099
3.7799
3.8499
3.91989
3.98989
4.05988
4.12988
4.19988
4.26987
4.33987
4.40986
4.47986
4.54985
4.61985
4.68985
4.75984
4.82984
4.89983
4.96983
5.03982
0
0.07
0.14
0.21
0.28
0.349999
0.419999
0.489999
0.559998
0.629997
0.699997
0.769996
0.839995
0.909994
0.979994
1.04999
1.11999
1.18999
1.25999
1.32999
1.39999
1.46999
1.53998
1.60998
1.67998
1.74998
1.81998
1.88998
1.95997
2.02997
2.09997
2.16997
2.23997
2.30996
2.37996
2.44996
2.51996
2.58995
2.65995
2.72995
2.79995
2.86994
2.93994
3.00994
3.07993
3.14993
3.21993
3.28992
3.35992
3.42992
3.49991
3.56991
3.63991
3.7099
3.7799
3.8499
3.91989
3.98989
4.05988
4.12988
4.19988
4.26987
4.33987
4.40986
4.47986
4.54985
4.61985
4.68985
4.75984
4.82984
4.89983
4.96983
5.03982
0
0.07
0.14
0.21
0.28
0.349999
0.419999
0.489999
0.559998
0.629997
0.699997
0.769996
0.839995
0.909994
0.979994
1.04999
1.11999
1.18999
1.25999
1.32999
1.39999
1.46999
1.53998
1.60998
1.67998
1.74998
1.81998
1.88998
1.95997
2.02997
2.09997
2.16997
2.23997
2.30996
2.37996
2.44996
2.51996
2.58995
2.65995
2.72995
2.79995
2.86994
2.93994
3.00994
3.07993
3.14993
3.21993
3.28992
3.35992
3.42992
3.49991
3.56991
3.63991
3.7099
3.7799
3.8499
3.91989
3.98989
4.05988
4.12988
4.19988
4.26987
4.33987
4.40986
4.47986
4.54985
4.61985
4.68985
4.75984
4.82984
4.89983
4.96983
5.03982
0
0.07
0.14
0.21
0.28
0.349999
0.419999
0.489999
0.559998
0.629997
0.699997
0.769996
0.839995
0.909994
0.979994
1.04999
1.11999
1.18999
1.25999
1.32999
1.39999
1.46999
1.53998
1.60998
1.67998
1.74998
1.81998
1.88998
1.95997
2.02997
2.09997
2.16997
2.23997
2.30996
2.37996
2.44996
2.51996
2.58995
2.65995
2.72995
2.79995
2.86994
2.93994
3.00994
3.07993
3.14993
3.21993
3.28992
3.35992
3.42992
3.49991
3.56991
3.63991
3.7099
3.7799
3.8499
3.91989
3.98989
4.05988
4.12988
4.19988
4.26987
4.33987
4.40986
4.47986
4.54985
4.61985
4.68985
4.75984
4.82984
4.89983
4.96983
5.03982
0
0.07
0.14
0.21
0.28
0.349999
0.419999
0.489999
0.559998
0.629997
0.699997
0.769996
0.839995
0.909994
0.979994
1.04999
1.11999
1.18999
1.25999
1.32999
1.39999
1.46999
1.53998
1.60998
1.67998
1.74998
1.81998
1.88998
1.95997
2.02997
2.09997
2.16997
2.23997
2.30996
2.37996
2.44996
2.51996
2.58995
2.65995
2.72995
2.79995
2.86994
2.93994
3.00994
3.07993
3.14993
3.21993
3.28992
3.35992
3.42992
3.49991
3.56991
3.63991
3.7099
3.7799
3.8499
3.91989
3.98989
4.05988
4.12988
4.19988
4.26987
4.33987
4.40986
4.47986
4.54985
4.61985
4.68985
4.75984
4.82984
4.89983
4.96983
5.03982
0
0.07
0.14
0.21
0.28
0.349999
0.419999
0.489999
0.559998
0.629997
0.699997
0.769996
0.839995
0.909994
0.979994
1.04999
1.11999
1.18999
1.25999
1.32999
1.39999
1.46999
1.53998
1.60998
1.67998
1.74998
1.81998
1.88998
1.95997
2.02997
2.09997
2.16997
2.23997
2.30996
2.37996
2.44996
2.51996
2.58995
2.65995
2.72995
2.79995
2.86994
2.93994
3.00994
3.07993
3.14993
3.21993
3.28992
3.35992
3.42992
3.49991
3.56991
3.63991
3.7099
3.7799
3.8499
3.91989
3.98989
4.05988
4.12988
4.19988
4.26987
4.33987
4.40986
4.47986
4.54985
4.61985
4.68985
4.75984
4.82984
4.89983
4.96983
5.03982
0
0.07
0.14
0.21
0.28
0.349999
0.419999
0.489999
0.559998
0.629997
0.699997
0.769996
0.839995
0.909994
0.979994
1.04999
1.11999
1.18999
1.25999
1.32999
1.39999
1.46999
1.53998
1.60998
1.67998
1.74998
1.81998
1.88998
1.95997
2.02997
2.09997
2.16997
2.23997
2.30996
2.37996
2.44996
2.51996
2.58995
2.65995
2.72995
2.79995
2.86994
2.93994
3.00994
3.07993
3.14993
3.21993
3.28992
3.35992
3.42992
3.49991
3.56991
3.63991
3.7099
3.7799
3.8499
3.91989
3.98989
4.05988
4.12988
4.19988
4.26987
4.33987
4.40986
4.47986
4.54985
4.61985
4.68985
4.75984
4.82984
4.89983
4.96983
5.03982
0
0.07
0.14
0.21
0.28
0.349999
0.419999
0.489999
0.559998
0.629997
0.699997
0.769996
0.839995
0.909994
0.979994
1.04999
1.11999
1.18999
1.25999
1.32999
1.39999
1.46999
1.53998
1.60998
1.67998
1.74998
1.81998
1.88998
1.95997
2.02997
2.09997
2.16997
2.23997
2.30996
2.37996
2.44996
2.51996
2.58995
2.65995
2.72995
2.79995
2.86994
2.93994
3.00994
3.07993
3.14993
3.21993
3.28992
3.35992
3.42992
3.49991
3.56991
3.63991
3.7099
3.7799
3.8499
3.91989
3.98989
4.05988
4.12988
4.19988
4.26987
4.33987
4.40986
4.47986
4.54985
4.61985
4.68985
4.75984
4.82984
4.89983
4.96983
5.03982
0
0.07
0.14
0.21
0.28
0.349999
0.419999
0.489999
0.559998
0.629997
0.699997
0.769996
0.839995
0.909994
0.979994
1.04999
1.11999
1.18999
1.25999
1.32999
1.39999
1.46999
1.53998
1.60998
1.67998
1.74998
1.81998
1.88998
1.95997
2.02997
2.09997
2.16997
2.23997
2.30996
2.37996
2.44996
2.51996
2.58995
2.65995
2.72995
2.79995
2.86994
2.93994
3.00994
3.07993
3.14993
3.21993
3.28992
3.35992
3.42992
3.49991
3.56991
